<?xml version="1.0" encoding="UTF-8"?>
<testsuite xmlns:xsi="http://www.w3.org/2001/XMLSchema-instance" xsi:noNamespaceSchemaLocation="https://maven.apache.org/surefire/maven-surefire-plugin/xsd/surefire-test-report.xsd" name="RunnerTest" time="8.453" tests="24" errors="0" skipped="0" failures="0">
  <properties>
[...]
</properties>
  <testcase name="Когда мы запрашиваем данные о погоде в городе Москва по некорректному адресу, где query=M" classname="Сценарий: запросить погоду в Москве с некорректным URL, где query=M" time="0.001"/>
  <testcase name="Тогда нам приходит код ответа &quot;615&quot;" classname="Сценарий: запросить погоду в Москве с некорректным URL, где query=M" time="0"/>
  <testcase name="Сценарий: запросить погоду в Москве с некорректным URL, где query=M" classname="Сценарий: запросить погоду в Москве с некорректным URL, где query=M" time="0.001"/>
  <testcase name="Когда мы запрашиваем данные о погоде в городе Москва по некорректному адресу, где нет параметра query" classname="Сценарий: запросить погоду в Москве с некорректным URL, где нет параметра query" time="0"/>
  <testcase name="Тогда нам приходит код ответа &quot;601&quot;" classname="Сценарий: запросить погоду в Москве с некорректным URL, где нет параметра query" time="0"/>
  <testcase name="Сценарий: запросить погоду в Москве с некорректным URL, где нет параметра query" classname="Сценарий: запросить погоду в Москве с некорректным URL, где нет параметра query" time="0"/>
  <testcase name="Когда мы запрашиваем данные о погоде в городе Москва по некорректному адресу, где нет параметра access_key" classname="Сценарий: запросить погоду в Москве с некорректным URL, где нет параметра access_key" time="0"/>
  <testcase name="Тогда нам приходит код ответа &quot;101&quot;" classname="Сценарий: запросить погоду в Москве с некорректным URL, где нет параметра access_key" time="0"/>
  <testcase name="Сценарий: запросить погоду в Москве с некорректным URL, где нет параметра access_key" classname="Сценарий: запросить погоду в Москве с некорректным URL, где нет параметра access_key" time="0"/>
  <testcase name="Когда мы запрашиваем данные о погоде в городе Москва по некорректному адресу, где введено некорректное значение параметра units" classname="Сценарий: запросить погоду в Москве с некорректным URL, где введена некорректная дата для параметра historical_date" time="0.001"/>
  <testcase name="Тогда нам приходит код ответа &quot;606&quot;" classname="Сценарий: запросить погоду в Москве с некорректным URL, где введена некорректная дата для параметра historical_date" time="0.001"/>
  <testcase name="Сценарий: запросить погоду в Москве с некорректным URL, где введена некорректная дата для параметра historical_date" classname="Сценарий: запросить погоду в Москве с некорректным URL, где введена некорректная дата для параметра historical_date" time="0.001"/>
  <testcase name="Когда мы запрашиваем данные о погоде в городе &quot;Москва&quot;" classname="Сценарий: получить прогноз погоды в Москве" time="0"/>
  <testcase name="Тогда получаем ответ, который соответствует схеме по адресу: &quot;./src/test/java/ru/my/package/schemas/MoscowForecastTestJson.json&quot;" classname="Сценарий: получить прогноз погоды в Москве" time="0"/>
  <testcase name="Сценарий: получить прогноз погоды в Москве" classname="Сценарий: получить прогноз погоды в Москве" time="0"/>
  <testcase name="Когда мы запрашиваем данные о погоде в городе &quot;Лондон&quot;" classname="Сценарий: получить прогноз погоды в Лондоне" time="0"/>
  <testcase name="Тогда получаем ответ, который соответствует схеме по адресу: &quot;./src/test/java/ru/my/package/schemas/LondonForecastTestJson.json&quot;" classname="Сценарий: получить прогноз погоды в Лондоне" time="0"/>
  <testcase name="Сценарий: получить прогноз погоды в Лондоне" classname="Сценарий: получить прогноз погоды в Лондоне" time="0"/>
  <testcase name="Когда мы запрашиваем данные о погоде в городе &quot;Рим&quot;" classname="Сценарий: получить прогноз погоды в Риме" time="0"/>
  <testcase name="Тогда получаем ответ, который соответствует схеме по адресу: &quot;./src/test/java/ru/my/package/schemas/RomeForecastTestJson.json&quot;" classname="Сценарий: получить прогноз погоды в Риме" time="0"/>
  <testcase name="Сценарий: получить прогноз погоды в Риме" classname="Сценарий: получить прогноз погоды в Риме" time="0"/>
  <testcase name="Когда мы запрашиваем данные о погоде в городе &quot;Чикаго&quot;" classname="Сценарий: получить прогноз погоды в Чикаго" time="0.001"/>
  <testcase name="Тогда получаем ответ, который соответствует схеме по адресу: &quot;./src/test/java/ru/my/package/schemas/ChicagoForecastTestJson.json&quot;" classname="Сценарий: получить прогноз погоды в Чикаго" time="0"/>
  <testcase name="Сценарий: получить прогноз погоды в Чикаго" classname="Сценарий: получить прогноз погоды в Чикаго" time="0"/>
</testsuite>